<?xml version="1.0" encoding="utf-8"?><testsuites><testsuite errors="0" failures="0" hostname="104db87c1f38" name="pytest" skipped="0" tests="7" time="0.174" timestamp="2023-11-06T19:37:00.963620"><testcase classname="test.rest.api_test.TestApi" name="test_api_add" time="0.004"></testcase><testcase classname="test.rest.api_test.TestApi" name="test_api_divide" time="0.003"></testcase><testcase classname="test.rest.api_test.TestApi" name="test_api_log10" time="0.002"></testcase><testcase classname="test.rest.api_test.TestApi" name="test_api_multiply" time="0.002"></testcase><testcase classname="test.rest.api_test.TestApi" name="test_api_power" time="0.013"></testcase><testcase classname="test.rest.api_test.TestApi" name="test_api_sqrt" time="0.015"></testcase><testcase classname="test.rest.api_test.TestApi" name="test_api_substract" time="0.009"></testcase></testsuite></testsuites>